18/09/2018 | 13:49:46 | rbercot              | WSPOSLU11MHC72   | P46V101      | 0000 | 0001 | Endere蔞 C:\GitTI\DESENV_DLL\P00MULTI.MDB, Tipo 1
18/09/2018 | 13:49:46 | rbercot              | WSPOSLU11MHC72   | P46V101      | 0000 | 0002 | AGE0001 - In獳io do processamento do programa P46V101.
18/09/2018 | 13:49:53 | rbercot              | WSPOSLU11MHC72   | P46V101      | 0000 | 0003 | AGE0004 - Op誽o selecionada: arquivo - pesquisa cota踥es, propostas, ap鏊ices e protocolo.
18/09/2018 | 13:50:14 | rbercot              | WSPOSLU11MHC72   | P46V101      | 0000 | 0004 | AGE0001 - gpP46v100Main In獳io do processamento do programa P46V101.
18/09/2018 | 13:50:15 | rbercot              | WSPOSLU11MHC72   | P46V101      | 0000 | 0005 | 1 segundos - mfCarregar_101A Objetos 01826060257847593667
18/09/2018 | 13:50:15 | rbercot              | WSPOSLU11MHC72   | P46V101      | 0000 | 0006 | 0 segundos - mpHabControles 01826060257847593667
18/09/2018 | 13:50:15 | rbercot              | WSPOSLU11MHC72   | P46V101      | 0000 | 0007 | 0 segundos - mpAtualizaJurosNovo 01826060257847593667
18/09/2018 | 13:50:16 | rbercot              | WSPOSLU11MHC72   | P46V101      | 0000 | 0008 | 1 segundos - mfPosComum 01826060257847593667
18/09/2018 | 13:50:16 | rbercot              | WSPOSLU11MHC72   | P46V101      | 0000 | 0009 | 0 segundos - mpAtualizaJurosNovo 01826060257847593667
18/09/2018 | 13:50:19 | rbercot              | WSPOSLU11MHC72   | P46V101      | 0000 | 0010 | 3 segundos - mpPosItem 01826060257847593667
18/09/2018 | 13:50:19 | rbercot              | WSPOSLU11MHC72   | P46V101      | 0000 | 0011 | 5 segundos - mfCarregar_101A 01826060257847593667
18/09/2018 | 13:57:04 | rbercot              | WSPOSLU11MHC72   | P46V101      | 0000 | 0001 | Endere蔞 C:\GitTI\DESENV_DLL\P00MULTI.MDB, Tipo 1
18/09/2018 | 13:57:05 | rbercot              | WSPOSLU11MHC72   | P46V101      | 0000 | 0002 | AGE0001 - In獳io do processamento do programa P46V101.
18/09/2018 | 14:01:09 | rbercot              | WSPOSLU11MHC72   | P46V101      | 0000 | 0003 | AGE0004 - Op誽o selecionada: arquivo - pesquisa cota踥es, propostas, ap鏊ices e protocolo.
18/09/2018 | 14:02:16 | rbercot              | WSPOSLU11MHC72   | P46V101      | 0000 | 0004 | AGE0001 - gpP46v100Main In獳io do processamento do programa P46V101.
18/09/2018 | 14:02:17 | rbercot              | WSPOSLU11MHC72   | P46V101      | 0000 | 0005 | 1 segundos - mfCarregar_101A Objetos 01826060257847593667
18/09/2018 | 14:02:18 | rbercot              | WSPOSLU11MHC72   | P46V101      | 0000 | 0006 | 1 segundos - mpHabControles 01826060257847593667
18/09/2018 | 14:02:18 | rbercot              | WSPOSLU11MHC72   | P46V101      | 0000 | 0007 | 0 segundos - mpAtualizaJurosNovo 01826060257847593667
18/09/2018 | 14:02:18 | rbercot              | WSPOSLU11MHC72   | P46V101      | 0000 | 0008 | 1 segundos - mfPosComum 01826060257847593667
18/09/2018 | 14:02:18 | rbercot              | WSPOSLU11MHC72   | P46V101      | 0000 | 0009 | 0 segundos - mpAtualizaJurosNovo 01826060257847593667
18/09/2018 | 14:02:49 | rbercot              | WSPOSLU11MHC72   | P46V101      | 0000 | 0010 | 31 segundos - mpPosItem 01826060257847593667
18/09/2018 | 14:02:49 | rbercot              | WSPOSLU11MHC72   | P46V101      | 0000 | 0011 | 33 segundos - mfCarregar_101A 01826060257847593667
18/09/2018 | 14:04:07 | rbercot              | WSPOSLU11MHC72   | P46V101      | 0000 | 0012 | AGE0007 - Encerrado processamento do programa P46V101.
18/09/2018 | 14:04:57 | rbercot              | WSPOSLU11MHC72   | P46V101      | 0000 | 0013 | AGE0001 - gpP46v100Main In獳io do processamento do programa P46V101.
18/09/2018 | 14:04:57 | rbercot              | WSPOSLU11MHC72   | P46V101      | 0000 | 0014 | 0 segundos - mfCarregar_101A Objetos 01826060257847593667
18/09/2018 | 14:04:58 | rbercot              | WSPOSLU11MHC72   | P46V101      | 0000 | 0015 | 1 segundos - mpHabControles 01826060257847593667
18/09/2018 | 14:04:58 | rbercot              | WSPOSLU11MHC72   | P46V101      | 0000 | 0016 | 0 segundos - mpAtualizaJurosNovo 01826060257847593667
18/09/2018 | 14:04:58 | rbercot              | WSPOSLU11MHC72   | P46V101      | 0000 | 0017 | 1 segundos - mfPosComum 01826060257847593667
18/09/2018 | 14:04:58 | rbercot              | WSPOSLU11MHC72   | P46V101      | 0000 | 0018 | 0 segundos - mpAtualizaJurosNovo 01826060257847593667
18/09/2018 | 14:08:04 | rbercot              | WSPOSLU11MHC72   | P46V101      | 0000 | 0019 | 186 segundos - mpPosItem 01826060257847593667
18/09/2018 | 14:08:04 | rbercot              | WSPOSLU11MHC72   | P46V101      | 0000 | 0020 | 187 segundos - mfCarregar_101A 01826060257847593667
18/09/2018 | 14:09:20 | rbercot              | WSPOSLU11MHC72   | P46V101      | 0000 | 0021 | AGE0007 - Encerrado processamento do programa P46V101.
18/09/2018 | 14:09:31 | rbercot              | WSPOSLU11MHC72   | P46V101      | 0000 | 0022 | AGE0001 - gpP46v100Main In獳io do processamento do programa P46V101.
18/09/2018 | 14:09:32 | rbercot              | WSPOSLU11MHC72   | P46V101      | 0000 | 0023 | 0 segundos - mfCarregar_101A Objetos 01826060257847593667
18/09/2018 | 14:09:35 | rbercot              | WSPOSLU11MHC72   | P46V101      | 0000 | 0024 | 3 segundos - mpHabControles 01826060257847593667
18/09/2018 | 14:09:35 | rbercot              | WSPOSLU11MHC72   | P46V101      | 0000 | 0025 | 0 segundos - mpAtualizaJurosNovo 01826060257847593667
18/09/2018 | 14:09:36 | rbercot              | WSPOSLU11MHC72   | P46V101      | 0000 | 0026 | 4 segundos - mfPosComum 01826060257847593667
18/09/2018 | 14:09:36 | rbercot              | WSPOSLU11MHC72   | P46V101      | 0000 | 0027 | 0 segundos - mpAtualizaJurosNovo 01826060257847593667
18/09/2018 | 14:16:01 | rbercot              | WSPOSLU11MHC72   | P46V101      | 0000 | 0028 | 385 segundos - mpPosItem 01826060257847593667
18/09/2018 | 14:16:01 | rbercot              | WSPOSLU11MHC72   | P46V101      | 0000 | 0029 | 389 segundos - mfCarregar_101A 01826060257847593667
18/09/2018 | 14:16:20 | rbercot              | WSPOSLU11MHC72   | P46V101      | 0000 | 0030 | AGE0007 - Encerrado processamento do programa P46V101.
